<?xml version="1.0" encoding="UTF-8"?>
<!-- Generated by org.testng.reporters.JUnitReportReporter -->
<testsuite hostname="Pauls-MBP.station" failures="0" tests="1" name="testingmaventestng.TestCalc" time="0.082" errors="0" timestamp="2024-01-27T17:02:15 GMT" skipped="0">
  <testcase classname="testingmaventestng.TestCalc" name="testAdd" time="0.082"/>
</testsuite> <!-- testingmaventestng.TestCalc -->
